==300456== Memcheck, a memory error detector
==300456== Copyright (C) 2002-2017, and GNU GPL'd, by Julian Seward et al.
==300456== Using Valgrind-3.13.0 and LibVEX; rerun with -h for copyright info
==300456== Command: ./bin/WTA_CG 2 5 5 1
==300456== Parent PID: 300411
==300456== 
==300456== 
==300456== HEAP SUMMARY:
==300456==     in use at exit: 79 bytes in 2 blocks
==300456==   total heap usage: 6,067 allocs, 6,065 frees, 9,739,563 bytes allocated
==300456== 
==300456== LEAK SUMMARY:
==300456==    definitely lost: 0 bytes in 0 blocks
==300456==    indirectly lost: 0 bytes in 0 blocks
==300456==      possibly lost: 0 bytes in 0 blocks
==300456==    still reachable: 79 bytes in 2 blocks
==300456==         suppressed: 0 bytes in 0 blocks
==300456== Reachable blocks (those to which a pointer was found) are not shown.
==300456== To see them, rerun with: --leak-check=full --show-leak-kinds=all
==300456== 
==300456== For counts of detected and suppressed errors, rerun with: -v
==300456== ERROR SUMMARY: 0 errors from 0 contexts (suppressed: 0 from 0)
